<?xml version="1.0" encoding="utf-8"?>
<!DOCTYPE sbb-jar PUBLIC "-//Sun Microsystems, Inc.//DTD JAIN SLEE SBB 1.1//EN"
                         "http://java.sun.com/dtd/slee-sbb-jar_1_1.dtd">
<sbb-jar>
    <sbb>
        <description/>
        <sbb-name>Test SBB</sbb-name>
        <sbb-vendor>Telcomp2.0</sbb-vendor>
        <sbb-version>1.0</sbb-version>
        <sbb-classes>
            <sbb-abstract-class>
                <sbb-abstract-class-name>org.telcomp.sbb.TestSbb</sbb-abstract-class-name>
            </sbb-abstract-class>
        </sbb-classes>
        <event event-direction="Receive" initial-event="True">
            <event-name>ServiceStartedEvent </event-name>
            <event-type-ref>
                <event-type-name>
                    javax.slee.serviceactivity.ServiceStartedEvent </event-type-name>
                <event-type-vendor> javax.slee </event-type-vendor>
                <event-type-version> 1.1 </event-type-version>
            </event-type-ref>
            <initial-event-select variable="ActivityContext"/>
        </event>
        <event event-direction="Receive" initial-event="False">
            <event-name>EndThirdPartyCallTelcoServiceEvent</event-name>
            <event-type-ref>
                <event-type-name>EndThirdPartyCallTelcoServiceEvent</event-type-name>
                <event-type-vendor>Telcomp2.0</event-type-vendor>
                <event-type-version>1.0</event-type-version>
            </event-type-ref>
        </event>
        <event event-direction="Fire" initial-event="False">
            <event-name>StartThirdPartyCallTelcoServiceEvent</event-name>
            <event-type-ref>
                <event-type-name>StartThirdPartyCallTelcoServiceEvent</event-type-name>
                <event-type-vendor>Telcomp2.0</event-type-vendor>
                <event-type-version>1.0</event-type-version>
            </event-type-ref>
        </event>
        <event event-direction="Receive" initial-event="False">
            <event-name>EndMediaCallTelcoServiceEvent</event-name>
            <event-type-ref>
                <event-type-name>EndMediaCallTelcoServiceEvent</event-type-name>
                <event-type-vendor>Telcomp2.0</event-type-vendor>
                <event-type-version>1.0</event-type-version>
            </event-type-ref>
        </event>
        <event event-direction="Fire" initial-event="False">
            <event-name>StartMediaCallTelcoServiceEvent</event-name>
            <event-type-ref>
                <event-type-name>StartMediaCallTelcoServiceEvent</event-type-name>
                <event-type-vendor>Telcomp2.0</event-type-vendor>
                <event-type-version>1.0</event-type-version>
            </event-type-ref>
        </event>
        <event event-direction="Receive" initial-event="False">
            <event-name>EndWSInvocatorEvent</event-name>
            <event-type-ref>
                <event-type-name>EndWSInvocatorEvent</event-type-name>
                <event-type-vendor>Telcomp2.0</event-type-vendor>
                <event-type-version>1.0</event-type-version>
            </event-type-ref>
        </event>
        <event event-direction="Fire" initial-event="False">
            <event-name>StartWSInvocatorEvent</event-name>
            <event-type-ref>
                <event-type-name>StartWSInvocatorEvent</event-type-name>
                <event-type-vendor>Telcomp2.0</event-type-vendor>
                <event-type-version>1.0</event-type-version>
            </event-type-ref>
        </event>
        <event event-direction="Receive" initial-event="False">
            <event-name>EndSendEmailTelcoServiceEvent</event-name>
            <event-type-ref>
                <event-type-name>EndSendEmailTelcoServiceEvent</event-type-name>
                <event-type-vendor>Telcomp2.0</event-type-vendor>
                <event-type-version>1.0</event-type-version>
            </event-type-ref>
        </event>
        <event event-direction="Fire" initial-event="False">
            <event-name>StartSendEmailTelcoServiceEvent</event-name>
            <event-type-ref>
                <event-type-name>StartSendEmailTelcoServiceEvent</event-type-name>
                <event-type-vendor>Telcomp2.0</event-type-vendor>
                <event-type-version>1.0</event-type-version>
            </event-type-ref>
        </event>
        <event event-direction="Receive" initial-event="False">
            <event-name>EndPresenceTelcoServiceEvent</event-name>
            <event-type-ref>
                <event-type-name>EndPresenceTelcoServiceEvent</event-type-name>
                <event-type-vendor>Telcomp2.0</event-type-vendor>
                <event-type-version>1.0</event-type-version>
            </event-type-ref>
        </event>
        <event event-direction="Fire" initial-event="False">
            <event-name>StartPresenceTelcoServiceEvent</event-name>
            <event-type-ref>
                <event-type-name>StartPresenceTelcoServiceEvent</event-type-name>
                <event-type-vendor>Telcomp2.0</event-type-vendor>
                <event-type-version>1.0</event-type-version>
            </event-type-ref>
        </event>
    </sbb>
</sbb-jar>
